<?xml version="1.0" encoding="UTF-8"?>
<!-- Generated by org.testng.reporters.JUnitReportReporter -->
<testsuite hostname="Askars-MBP" failures="0" tests="4" name="api.test.UserTests" time="3.404" errors="0" timestamp="2023-03-14T22:48:09 CDT" skipped="0">
  <testcase classname="api.test.UserTests" name="testPostUser" time="1.436"/>
  <system-out/>
  <testcase classname="api.test.UserTests" name="testGetUserByName" time="0.558"/>
  <system-out/>
  <testcase classname="api.test.UserTests" name="testUpdateUser" time="1.117"/>
  <system-out/>
  <testcase classname="api.test.UserTests" name="testDeleteUserByName" time="0.293"/>
  <system-out/>
</testsuite> <!-- api.test.UserTests -->
