<?xml version="1.0" encoding="UTF-8"?>
<!-- Generated by org.testng.reporters.JUnitReportReporter -->
<testsuite hostname="Askars-MBP" failures="0" tests="4" name="api.test.UserTests2" time="2.526" errors="0" timestamp="2023-03-16T23:44:09 CDT" skipped="0">
  <testcase classname="api.test.UserTests2" name="testPostUser" time="1.063"/>
  <system-out/>
  <testcase classname="api.test.UserTests2" name="testGetUserByName" time="0.281"/>
  <system-out/>
  <testcase classname="api.test.UserTests2" name="testUpdateUser" time="0.887"/>
  <system-out/>
  <testcase classname="api.test.UserTests2" name="testDeleteUserByName" time="0.295"/>
  <system-out/>
</testsuite> <!-- api.test.UserTests2 -->
