<?xml version="1.0" encoding="UTF-8"?>
<!-- Generated by org.testng.reporters.JUnitReportReporter -->
<testsuite hostname="Askars-MBP" failures="0" tests="6" name="api.test.DDTests" time="2.242" errors="0" timestamp="2023-03-16T23:44:09 CDT" skipped="0">
  <testcase classname="api.test.DDTests" name="testPostUser" time="0.295"/>
  <system-out/>
  <testcase classname="api.test.DDTests" name="testPostUser" time="0.452"/>
  <system-out/>
  <testcase classname="api.test.DDTests" name="testPostUser" time="0.290"/>
  <system-out/>
  <testcase classname="api.test.DDTests" name="testDeleteByName" time="0.383"/>
  <system-out/>
  <testcase classname="api.test.DDTests" name="testDeleteByName" time="0.338"/>
  <system-out/>
  <testcase classname="api.test.DDTests" name="testDeleteByName" time="0.484"/>
  <system-out/>
</testsuite> <!-- api.test.DDTests -->
