<?xml version="1.0" encoding="UTF-8"?>
<!-- Generated by org.testng.reporters.JUnitReportReporter -->
<testsuite hostname="Askars-MBP" failures="0" tests="4" name="api.test.UserTests2" time="2.561" errors="0" timestamp="2023-03-15T13:58:04 CDT" skipped="0">
  <testcase classname="api.test.UserTests2" name="testPostUser" time="1.165"/>
  <system-out/>
  <testcase classname="api.test.UserTests2" name="testGetUserByName" time="0.350"/>
  <system-out/>
  <testcase classname="api.test.UserTests2" name="testUpdateUser" time="0.681"/>
  <system-out/>
  <testcase classname="api.test.UserTests2" name="testDeleteUserByName" time="0.365"/>
  <system-out/>
</testsuite> <!-- api.test.UserTests2 -->
