<?xml version="1.0" encoding="UTF-8"?>
<!-- Generated by org.testng.reporters.JUnitReportReporter -->
<testsuite hostname="Askars-MBP" failures="0" tests="4" name="api.test.OrderTests" time="2.314" errors="0" timestamp="2023-03-14T20:36:45 CDT" skipped="0">
  <testcase classname="api.test.OrderTests" name="testPostOrder" time="1.178"/>
  <system-out/>
  <testcase classname="api.test.OrderTests" name="testGetOrder" time="0.358"/>
  <system-out/>
  <testcase classname="api.test.OrderTests" name="testReadAllOrder" time="0.479"/>
  <system-out/>
  <testcase classname="api.test.OrderTests" name="testDeleteOrder" time="0.299"/>
  <system-out/>
</testsuite> <!-- api.test.OrderTests -->
