<?xml version="1.0" encoding="UTF-8"?>
<!-- Generated by org.testng.reporters.JUnitReportReporter -->
<testsuite hostname="Askars-MBP" failures="0" tests="6" name="api.test.DDTests" time="2.717" errors="0" timestamp="2023-03-14T22:16:01 CDT" skipped="0">
  <testcase classname="api.test.DDTests" name="testPostUser" time="0.336"/>
  <system-out/>
  <testcase classname="api.test.DDTests" name="testPostUser" time="0.298"/>
  <system-out/>
  <testcase classname="api.test.DDTests" name="testPostUser" time="0.974"/>
  <system-out/>
  <testcase classname="api.test.DDTests" name="testDeleteByName" time="0.325"/>
  <system-out/>
  <testcase classname="api.test.DDTests" name="testDeleteByName" time="0.407"/>
  <system-out/>
  <testcase classname="api.test.DDTests" name="testDeleteByName" time="0.377"/>
  <system-out/>
</testsuite> <!-- api.test.DDTests -->
