<?xml version="1.0" encoding="UTF-8"?>
<!-- Generated by org.testng.reporters.JUnitReportReporter -->
<testsuite hostname="Askars-MBP" failures="0" tests="4" name="api.test.UserTests2" time="2.732" errors="0" timestamp="2023-03-14T23:44:24 CDT" skipped="0">
  <testcase classname="api.test.UserTests2" name="testPostUser" time="1.103"/>
  <system-out/>
  <testcase classname="api.test.UserTests2" name="testGetUserByName" time="0.386"/>
  <system-out/>
  <testcase classname="api.test.UserTests2" name="testUpdateUser" time="0.918"/>
  <system-out/>
  <testcase classname="api.test.UserTests2" name="testDeleteUserByName" time="0.325"/>
  <system-out/>
</testsuite> <!-- api.test.UserTests2 -->
