<?xml version="1.0" encoding="UTF-8"?>
<!-- Generated by org.testng.reporters.JUnitReportReporter -->
<testsuite hostname="Askars-MBP" failures="0" tests="6" name="api.test.DDTests" time="2.098" errors="0" timestamp="2023-03-15T13:58:04 CDT" skipped="0">
  <testcase classname="api.test.DDTests" name="testPostUser" time="0.358"/>
  <system-out/>
  <testcase classname="api.test.DDTests" name="testPostUser" time="0.442"/>
  <system-out/>
  <testcase classname="api.test.DDTests" name="testPostUser" time="0.329"/>
  <system-out/>
  <testcase classname="api.test.DDTests" name="testDeleteByName" time="0.377"/>
  <system-out/>
  <testcase classname="api.test.DDTests" name="testDeleteByName" time="0.288"/>
  <system-out/>
  <testcase classname="api.test.DDTests" name="testDeleteByName" time="0.304"/>
  <system-out/>
</testsuite> <!-- api.test.DDTests -->
